12:07:19.329 [1]  1 : Running(cursor=0,len=1)
12:07:19.330 [1]    2 : Running(cursor=0,len=2)
12:07:19.330 [1]      3 : Running(cursor=0,len=3)
12:07:19.331 [1]        5 : Running(len=1)
12:07:21.340 [1]          8 : Success()
12:07:21.340 [1]        5 : Success(len=1,cursor=0)
12:07:21.341 [1]      3 : Running(cursor=1,len=3)
12:07:21.341 [1]        6 : Running(cursor=0,len=2)
12:07:21.449 [1]          9 : Success()
12:07:21.450 [1]        6 : Success(cursor=0,len=2)
12:07:21.451 [1]      3 : Running(cursor=2,len=3)
12:07:21.451 [1]        7 : Running(cursor=0,len=2)
12:07:21.451 [1]          11 : Running(len=1)
12:07:21.559 [1]            13 : Success()
12:07:21.560 [1]          11 : Failure(len=1,cursor=1,reason=decorator inverts the result.)
12:07:21.573 [1]        7 : Running(cursor=1,len=2)
12:07:21.684 [1]          12 : Success()
12:07:21.684 [1]        7 : Success(cursor=1,len=2)
12:07:21.685 [1]      3 : Success(cursor=2,len=3)
12:07:21.685 [1]    2 : Running(cursor=1,len=2)
12:07:21.685 [1]      4 : Running()
12:07:21.685 [1]    2 : Running(cursor=1,len=2)
12:07:21.685 [2]  next tick
12:07:21.686 [2]    2 : Running(cursor=0,len=2)
12:07:21.686 [2]      3 : Running(cursor=0,len=3)
12:07:21.686 [2]        5 : Running(len=1,cursor=0)
12:07:23.697 [2]          8 : Failure(reason=)
12:07:23.698 [2]        5 : Success(len=1,cursor=0)
12:07:23.699 [2]      3 : Running(cursor=1,len=3)
12:07:23.699 [2]        6 : Running(cursor=0,len=2)
12:07:23.804 [2]          9 : Success()
12:07:23.805 [2]        6 : Success(cursor=0,len=2)
12:07:23.805 [2]      3 : Running(cursor=2,len=3)
12:07:23.805 [2]        7 : Running(cursor=0,len=2)
12:07:23.806 [2]          11 : Running(len=1,cursor=1,reason=decorator inverts the result.)
12:07:23.913 [2]            13 : Success()
12:07:23.913 [2]          11 : Failure(len=1,cursor=1,reason=decorator inverts the result.)
12:07:23.914 [2]        7 : Running(cursor=1,len=2)
12:07:24.022 [2]          12 : Success()
12:07:24.022 [2]        7 : Success(cursor=1,len=2)
12:07:24.023 [2]      3 : Success(cursor=2,len=3)
12:07:24.023 [2]    2 : Running(cursor=1,len=2)
12:07:24.023 [2]      4 : Running()
12:07:24.023 [2]    2 : Running(cursor=1,len=2)
12:07:24.024 [2]  1 : Running(cursor=0,len=1)
12:07:24.024 [3]  next tick
12:07:24.024 [3]    2 : Running(cursor=0,len=2)
12:07:24.025 [3]      3 : Running(cursor=0,len=3)
12:07:24.025 [3]        5 : Running(len=1,cursor=0)
12:07:26.029 [3]          8 : Failure(reason=)
12:07:26.030 [3]        5 : Success(len=1,cursor=0)
12:07:26.030 [3]      3 : Running(cursor=1,len=3)
12:07:26.030 [3]        6 : Running(cursor=0,len=2)
12:07:26.138 [3]          9 : Success()
12:07:26.138 [3]        6 : Success(cursor=0,len=2)
12:07:26.139 [3]      3 : Running(cursor=2,len=3)
12:07:26.139 [3]        7 : Running(cursor=0,len=2)
12:07:26.139 [3]          11 : Running(len=1,cursor=1,reason=decorator inverts the result.)
12:07:26.248 [3]            13 : Success()
12:07:26.248 [3]          11 : Failure(len=1,cursor=1,reason=decorator inverts the result.)
12:07:26.248 [3]        7 : Running(cursor=1,len=2)
12:07:26.356 [3]          12 : Success()
12:07:26.357 [3]        7 : Success(cursor=1,len=2)
12:07:26.358 [3]      3 : Success(cursor=2,len=3)
12:07:26.359 [3]    2 : Running(cursor=1,len=2)
12:07:26.359 [3]      4 : Running()
12:07:26.360 [3]    2 : Running(cursor=1,len=2)
12:07:26.360 [3]  1 : Running(cursor=0,len=1)
12:07:26.361 [4]  next tick
12:07:26.361 [4]    2 : Running(cursor=0,len=2)
12:07:26.361 [4]      3 : Running(cursor=0,len=3)
12:07:26.361 [4]        5 : Running(len=1,cursor=0)
12:07:28.388 [4]          8 : Failure(reason=)
12:07:28.403 [4]        5 : Success(len=1,cursor=0)
12:07:28.410 [4]      3 : Running(cursor=1,len=3)
12:07:28.415 [4]        6 : Running(cursor=0,len=2)
12:07:28.528 [4]          9 : Success()
12:07:28.528 [4]        6 : Success(cursor=0,len=2)
12:07:28.529 [4]      3 : Running(cursor=2,len=3)
12:07:28.530 [4]        7 : Running(cursor=0,len=2)
12:07:28.531 [4]          11 : Running(len=1,cursor=1,reason=decorator inverts the result.)
12:07:28.635 [4]            13 : Success()
12:07:28.635 [4]          11 : Failure(len=1,cursor=1,reason=decorator inverts the result.)
12:07:28.636 [4]        7 : Running(cursor=1,len=2)
12:07:28.745 [4]          12 : Success()
12:07:28.746 [4]        7 : Success(cursor=1,len=2)
12:07:28.746 [4]      3 : Success(cursor=2,len=3)
12:07:28.747 [4]    2 : Running(cursor=1,len=2)
12:07:28.747 [4]      4 : Running()
12:07:28.747 [4]    2 : Running(cursor=1,len=2)
12:07:28.748 [4]  1 : Running(cursor=0,len=1)
12:07:28.748 [5]  next tick
12:07:28.749 [5]  trim 15 : None >>> Leaf(Name("pick_impl"), RtArgs([]))
12:07:28.749 [5]  trim 8 : Some(Leaf(Name("pick"), RtArgs([]))) >>> Flow(RSequence, Name("complex_pick"), RtArgs([]), [14, 15])
12:07:28.749 [5]  trim 14 : None >>> Leaf(Name("check_cond_pick"), RtArgs([]))
12:07:28.750 [5]    2 : Running(cursor=0,len=2)
12:07:28.750 [5]      3 : Running(cursor=0,len=3)
12:07:28.751 [5]        5 : Running(len=1,cursor=0)
12:07:28.751 [5]          8 : Running(reason=,cursor=0,len=2)
12:07:28.853 [5]            14 : Success()
12:07:28.853 [5]          8 : Running(reason=,cursor=1,len=2)
12:07:30.862 [5]            15 : Success()
12:07:30.863 [5]          8 : Success(reason=,cursor=1,len=2)
12:07:30.864 [5]        5 : Success(len=1,cursor=0)
12:07:30.865 [5]      3 : Running(cursor=1,len=3)
12:07:30.866 [5]        6 : Running(cursor=0,len=2)
12:07:30.972 [5]          9 : Success()
12:07:30.972 [5]        6 : Success(cursor=0,len=2)
12:07:30.973 [5]      3 : Running(cursor=2,len=3)
12:07:30.973 [5]        7 : Running(cursor=0,len=2)
12:07:30.973 [5]          11 : Running(len=1,cursor=1,reason=decorator inverts the result.)
12:07:31.080 [5]            13 : Success()
12:07:31.081 [5]          11 : Failure(len=1,cursor=1,reason=decorator inverts the result.)
12:07:31.081 [5]        7 : Running(cursor=1,len=2)
12:07:31.190 [5]          12 : Success()
12:07:31.191 [5]        7 : Success(cursor=1,len=2)
12:07:31.191 [5]      3 : Success(cursor=2,len=3)
12:07:31.192 [5]    2 : Running(cursor=1,len=2)
12:07:31.192 [5]      4 : Running()
12:07:31.192 [5]    2 : Running(cursor=1,len=2)
12:07:31.192 [5]  1 : Running(cursor=0,len=1)
12:07:31.192 [6]  next tick
12:07:31.193 [6]    2 : Running(cursor=0,len=2)
12:07:31.193 [6]      3 : Running(cursor=0,len=3)
12:07:31.193 [6]        5 : Running(len=1,cursor=0)
12:07:31.193 [6]          8 : Running(reason=,cursor=0,len=2)
12:07:31.300 [6]            14 : Success()
12:07:31.300 [6]          8 : Running(reason=,cursor=1,len=2)
12:07:33.307 [6]            15 : Success()
12:07:33.308 [6]          8 : Success(reason=,cursor=1,len=2)
12:07:33.309 [6]        5 : Success(len=1,cursor=0)
12:07:33.309 [6]      3 : Running(cursor=1,len=3)
12:07:33.310 [6]        6 : Running(cursor=0,len=2)
12:07:33.415 [6]          9 : Success()
12:07:33.416 [6]        6 : Success(cursor=0,len=2)
12:07:33.417 [6]      3 : Running(cursor=2,len=3)
12:07:33.418 [6]        7 : Running(cursor=0,len=2)
12:07:33.419 [6]          11 : Running(len=1,cursor=1,reason=decorator inverts the result.)
12:07:33.524 [6]            13 : Success()
12:07:33.525 [6]          11 : Failure(len=1,cursor=1,reason=decorator inverts the result.)
12:07:33.526 [6]        7 : Running(cursor=1,len=2)
12:07:33.633 [6]          12 : Success()
12:07:33.634 [6]        7 : Success(cursor=1,len=2)
12:07:33.635 [6]      3 : Success(cursor=2,len=3)
12:07:33.636 [6]    2 : Running(cursor=1,len=2)
12:07:33.637 [6]      4 : Running()
12:07:33.638 [6]    2 : Running(cursor=1,len=2)
12:07:33.639 [6]  1 : Running(cursor=0,len=1)
12:07:33.640 [7]  next tick
12:07:33.641 [7]    2 : Running(cursor=0,len=2)
12:07:33.642 [7]      3 : Running(cursor=0,len=3)
12:07:33.643 [7]        5 : Running(len=1,cursor=0)
12:07:33.644 [7]          8 : Running(reason=,cursor=0,len=2)
12:07:33.758 [7]            14 : Failure(reason=)
12:07:33.758 [7]          8 : Failure(reason=,cursor=0,len=2)
12:07:33.758 [7]        5 : Success(len=1,cursor=0)
12:07:33.759 [7]      3 : Running(cursor=1,len=3)
12:07:33.760 [7]        6 : Running(cursor=0,len=2)
12:07:33.866 [7]          9 : Success()
12:07:33.867 [7]        6 : Success(cursor=0,len=2)
12:07:33.868 [7]      3 : Running(cursor=2,len=3)
12:07:33.868 [7]        7 : Running(cursor=0,len=2)
12:07:33.869 [7]          11 : Running(len=1,cursor=1,reason=decorator inverts the result.)
12:07:33.981 [7]            13 : Success()
12:07:33.982 [7]          11 : Failure(len=1,cursor=1,reason=decorator inverts the result.)
12:07:33.983 [7]        7 : Running(cursor=1,len=2)
12:07:34.085 [7]          12 : Success()
12:07:34.085 [7]        7 : Success(cursor=1,len=2)
12:07:34.086 [7]      3 : Success(cursor=2,len=3)
12:07:34.087 [7]    2 : Running(cursor=1,len=2)
12:07:34.087 [7]      4 : Running()
12:07:34.088 [7]    2 : Running(cursor=1,len=2)
12:07:34.089 [7]  1 : Running(cursor=0,len=1)
12:07:34.089 [8]  next tick
12:07:34.090 [8]    2 : Running(cursor=0,len=2)
12:07:34.091 [8]      3 : Running(cursor=0,len=3)
12:07:34.091 [8]        5 : Running(len=1,cursor=0)
12:07:34.091 [8]          8 : Running(reason=,cursor=0,len=2)
12:07:34.193 [8]            14 : Failure(reason=)
12:07:34.194 [8]          8 : Failure(reason=,cursor=0,len=2)
12:07:34.194 [8]        5 : Success(len=1,cursor=0)
12:07:34.195 [8]      3 : Running(cursor=1,len=3)
12:07:34.195 [8]        6 : Running(cursor=0,len=2)
12:07:34.303 [8]          9 : Success()
12:07:34.306 [8]        6 : Success(cursor=0,len=2)
12:07:34.307 [8]      3 : Running(cursor=2,len=3)
12:07:34.307 [8]        7 : Running(cursor=0,len=2)
12:07:34.308 [8]          11 : Running(len=1,cursor=1,reason=decorator inverts the result.)
12:07:34.411 [8]            13 : Success()
12:07:34.412 [8]          11 : Failure(len=1,cursor=1,reason=decorator inverts the result.)
12:07:34.413 [8]        7 : Running(cursor=1,len=2)
12:07:34.520 [8]          12 : Success()
12:07:34.522 [8]        7 : Success(cursor=1,len=2)
12:07:34.522 [8]      3 : Success(cursor=2,len=3)
12:07:34.523 [8]    2 : Running(cursor=1,len=2)
12:07:34.523 [8]      4 : Running()
12:07:34.523 [8]    2 : Running(cursor=1,len=2)
12:07:34.524 [8]  1 : Running(cursor=0,len=1)
12:07:34.524 [9]  next tick
12:07:34.524 [9]    2 : Running(cursor=0,len=2)
12:07:34.525 [9]      3 : Running(cursor=0,len=3)
12:07:34.525 [9]        5 : Running(len=1,cursor=0)
12:07:34.526 [9]          8 : Running(reason=,cursor=0,len=2)
12:07:34.629 [9]            14 : Failure(reason=)
12:07:34.630 [9]          8 : Failure(reason=,cursor=0,len=2)
12:07:34.631 [9]        5 : Success(len=1,cursor=0)
12:07:34.632 [9]      3 : Running(cursor=1,len=3)
12:07:34.633 [9]        6 : Running(cursor=0,len=2)
12:07:34.737 [9]          9 : Success()
12:07:34.738 [9]        6 : Success(cursor=0,len=2)
12:07:34.739 [9]      3 : Running(cursor=2,len=3)
12:07:34.740 [9]        7 : Running(cursor=0,len=2)
12:07:34.741 [9]          11 : Running(len=1,cursor=1,reason=decorator inverts the result.)
12:07:34.846 [9]            13 : Success()
12:07:34.847 [9]          11 : Failure(len=1,cursor=1,reason=decorator inverts the result.)
12:07:34.848 [9]        7 : Running(cursor=1,len=2)
12:07:34.955 [9]          12 : Success()
12:07:34.956 [9]        7 : Success(cursor=1,len=2)
12:07:34.957 [9]      3 : Success(cursor=2,len=3)
12:07:34.958 [9]    2 : Running(cursor=1,len=2)
12:07:34.959 [9]      4 : Running()
12:07:34.960 [9]    2 : Running(cursor=1,len=2)
12:07:34.961 [9]  1 : Running(cursor=0,len=1)
12:07:34.962 [10]  next tick
