24 23:12:32.264 [1]  1 : Running(cursor=0,len=1)
24 23:12:32.266 [1]    2 : Running(cursor=0,len=2)
24 23:12:32.267 [1]      3 : Running(cursor=0,len=2)
24 23:12:32.267 [1]        5 : Failure(key=calculated,reason=false != true)
24 23:12:32.268 [1]      3 : Failure(cursor=0,len=2,reason=false != true)
24 23:12:32.269 [1]    2 : Running(cursor=1,len=2)
24 23:12:32.269 [1]      4 : Running(cursor=0,len=1)
24 23:12:32.270 [1]        7 : Running(cursor=0,len=2)
24 23:12:32.270 [1]          8 : Running(cursor=0,len=2)
24 23:12:32.271 [1]            10 : Failure(key=calculated,reason=the key is not locked)
24 23:12:32.271 [1]          8 : Failure(cursor=0,len=2,reason=the key is not locked)
24 23:12:32.272 [1]        7 : Running(cursor=1,len=2)
24 23:12:32.272 [1]          9 : Running(cursor=0,len=2)
24 23:12:33.523 [1]            custom: Calculating
24 23:12:34.658 [1]            custom: Calculated
24 23:12:34.661 [1]            12 : Success(guard=calculated)
24 23:12:34.661 [1]          9 : Running(cursor=1,len=2)
24 23:12:34.662 [1]            13 : Running()
24 23:12:34.663 [1]          9 : Running(cursor=1,len=2)
24 23:12:34.663 [1]        7 : Running(cursor=1,len=2)
24 23:12:34.663 [1]      4 : Running(cursor=0,len=1)
24 23:12:34.664 [1]    2 : Running(cursor=1,len=2)
24 23:12:34.664 [2]  next tick
24 23:12:34.665 [2]    2 : Running(cursor=0,len=2)
24 23:12:34.665 [2]      3 : Running(cursor=0,len=2,reason=false != true)
24 23:12:34.665 [2]        5 : Success(key=calculated)
24 23:12:34.666 [2]      3 : Running(cursor=1,len=2,reason=false != true)
24 23:12:34.976 [2]        6 : Running(flag=calculated)
24 23:12:34.977 [2]      3 : Running(cursor=1,len=2,reason=false != true)
24 23:12:34.977 [2]    2 : Running(cursor=0,len=2)
24 23:12:34.977 [2]  1 : Running(cursor=0,len=1)
24 23:12:34.977 [3]  next tick
24 23:12:34.977 [3]    2 : Running(cursor=0,len=2)
24 23:12:34.978 [3]      3 : Running(cursor=0,len=2,reason=false != true)
24 23:12:34.978 [3]        5 : Success(key=calculated)
24 23:12:34.978 [3]      3 : Running(cursor=1,len=2,reason=false != true)
24 23:12:35.284 [3]        6 : Running(flag=calculated)
24 23:12:35.285 [3]      3 : Running(cursor=1,len=2,reason=false != true)
24 23:12:35.285 [3]    2 : Running(cursor=0,len=2)
24 23:12:35.286 [3]  1 : Running(cursor=0,len=1)
24 23:12:35.286 [4]  next tick
24 23:12:35.286 [4]    2 : Running(cursor=0,len=2)
24 23:12:35.287 [4]      3 : Running(cursor=0,len=2,reason=false != true)
24 23:12:35.287 [4]        5 : Success(key=calculated)
24 23:12:35.287 [4]      3 : Running(cursor=1,len=2,reason=false != true)
24 23:12:35.596 [4]        6 : Running(flag=calculated)
24 23:12:35.596 [4]      3 : Running(cursor=1,len=2,reason=false != true)
24 23:12:35.597 [4]    2 : Running(cursor=0,len=2)
24 23:12:35.597 [4]  1 : Running(cursor=0,len=1)
24 23:12:35.597 [5]  next tick
24 23:12:35.597 [5]    2 : Running(cursor=0,len=2)
24 23:12:35.598 [5]      3 : Running(cursor=0,len=2,reason=false != true)
24 23:12:35.598 [5]        5 : Success(key=calculated)
24 23:12:35.598 [5]      3 : Running(cursor=1,len=2,reason=false != true)
24 23:12:39.999 [5]        custom: Bump!. Recalculate
24 23:12:40.001 [5]        6 : Running(flag=calculated)
24 23:12:40.001 [5]      3 : Running(cursor=1,len=2,reason=false != true)
24 23:12:40.001 [5]    2 : Running(cursor=0,len=2)
24 23:12:40.002 [5]  1 : Running(cursor=0,len=1)
24 23:12:40.002 [6]  next tick
24 23:12:40.002 [6]    2 : Running(cursor=0,len=2)
24 23:12:40.002 [6]      3 : Running(cursor=0,len=2,reason=false != true)
24 23:12:40.002 [6]        5 : Failure(key=calculated,reason=false != true)
24 23:12:40.003 [6]      3 : Failure(cursor=0,len=2,reason=false != true)
24 23:12:40.003 [6]    2 : Running(cursor=1,len=2)
24 23:12:40.003 [6]      4 : Running(cursor=0,len=1)
24 23:12:40.003 [6]        7 : Running(cursor=0,len=2)
24 23:12:40.003 [6]          8 : Running(cursor=0,len=2,reason=the key is not locked)
24 23:12:40.004 [6]            10 : Failure(key=calculated,reason=the key is not locked)
24 23:12:40.004 [6]          8 : Failure(cursor=0,len=2,reason=the key is not locked)
24 23:12:40.004 [6]        7 : Running(cursor=1,len=2)
24 23:12:40.004 [6]          9 : Running(cursor=0,len=2)
24 23:12:41.248 [6]            custom: Calculating
24 23:12:42.381 [6]            custom: Calculated
24 23:12:42.382 [6]            12 : Success(guard=calculated)
24 23:12:42.383 [6]          9 : Running(cursor=1,len=2)
24 23:12:42.383 [6]            13 : Running()
24 23:12:42.383 [6]          9 : Running(cursor=1,len=2)
24 23:12:42.384 [6]        7 : Running(cursor=1,len=2)
24 23:12:42.384 [6]      4 : Running(cursor=0,len=1)
24 23:12:42.384 [6]    2 : Running(cursor=1,len=2)
24 23:12:42.385 [6]  1 : Running(cursor=0,len=1)
24 23:12:42.385 [7]  next tick
24 23:12:42.385 [7]    2 : Running(cursor=0,len=2)
24 23:12:42.385 [7]      3 : Running(cursor=0,len=2,reason=false != true)
24 23:12:42.385 [7]        5 : Success(key=calculated)
24 23:12:42.386 [7]      3 : Running(cursor=1,len=2,reason=false != true)
24 23:12:42.692 [7]        6 : Running(flag=calculated)
24 23:12:42.693 [7]      3 : Running(cursor=1,len=2,reason=false != true)
24 23:12:42.693 [7]    2 : Running(cursor=0,len=2)
24 23:12:42.693 [7]  1 : Running(cursor=0,len=1)
24 23:12:42.694 [8]  next tick
24 23:12:42.694 [8]    2 : Running(cursor=0,len=2)
24 23:12:42.694 [8]      3 : Running(cursor=0,len=2,reason=false != true)
24 23:12:42.694 [8]        5 : Success(key=calculated)
24 23:12:42.695 [8]      3 : Running(cursor=1,len=2,reason=false != true)
24 23:12:43.004 [8]        6 : Running(flag=calculated)
24 23:12:43.005 [8]      3 : Running(cursor=1,len=2,reason=false != true)
24 23:12:43.006 [8]    2 : Running(cursor=0,len=2)
24 23:12:43.006 [8]  1 : Running(cursor=0,len=1)
24 23:12:43.007 [9]  next tick
24 23:12:43.007 [9]    2 : Running(cursor=0,len=2)
24 23:12:43.008 [9]      3 : Running(cursor=0,len=2,reason=false != true)
24 23:12:43.008 [9]        5 : Success(key=calculated)
24 23:12:43.008 [9]      3 : Running(cursor=1,len=2,reason=false != true)
24 23:12:43.314 [9]        6 : Running(flag=calculated)
24 23:12:43.315 [9]      3 : Running(cursor=1,len=2,reason=false != true)
24 23:12:43.315 [9]    2 : Running(cursor=0,len=2)
24 23:12:43.316 [9]  1 : Running(cursor=0,len=1)
24 23:12:43.316 [10]  next tick
24 23:12:43.316 [10]    2 : Running(cursor=0,len=2)
24 23:12:43.316 [10]      3 : Running(cursor=0,len=2,reason=false != true)
24 23:12:43.316 [10]        5 : Success(key=calculated)
24 23:12:43.317 [10]      3 : Running(cursor=1,len=2,reason=false != true)
24 23:12:43.627 [10]        6 : Running(flag=calculated)
24 23:12:43.628 [10]      3 : Running(cursor=1,len=2,reason=false != true)
24 23:12:43.628 [10]    2 : Running(cursor=0,len=2)
24 23:12:43.629 [10]  1 : Running(cursor=0,len=1)
24 23:12:43.629 [11]  next tick
24 23:12:43.629 [11]    2 : Running(cursor=0,len=2)
24 23:12:43.629 [11]      3 : Running(cursor=0,len=2,reason=false != true)
24 23:12:43.630 [11]        5 : Success(key=calculated)
24 23:12:43.630 [11]      3 : Running(cursor=1,len=2,reason=false != true)
24 23:12:43.940 [11]        6 : Success(flag=calculated)
24 23:12:43.941 [11]      3 : Success(cursor=1,len=2,reason=false != true)
24 23:12:43.942 [11]    2 : Success(cursor=0,len=2)
24 23:12:43.942 [11]  1 : Running(cursor=0,len=1)
24 23:12:43.942 [11]  1 : Success(cursor=0,len=1)
