[1]  1 : Running(cursor=0,len=1)
[1]    2 : Running(cursor=0,len=1)
[1]      3 : Running(cursor=0,len=2)
[1]        4 : Running(cursor=0,len=2)
[1]          6 : Success()
[1]        4 : Success(cursor=0,len=2)
[1]      3 : Running(cursor=1,len=2)
[1]        5 : Running(cursor=0,len=2)
[1]          8 : Failure(reason=)
[1]        5 : Running(cursor=1,len=2)
[1]          9 : Running(cursor=0,len=2)
[1]            10 : Running(cursor=0,len=2)
[1]              12 : Running(len=1)
[1]                14 : Running(cursor=0,len=3)
[1]                  15 : Running(cursor=0,len=2)
[1]                    18 : Running(cursor=0,len=2)
[1]                      20 : Running(cursor=0,len=2)
[1]                        24 : Success()
[1]                      20 : Success(cursor=0,len=2)
[1]                    18 : Running(cursor=1,len=2)
[1]                      21 : Success()
[1]                    18 : Success(cursor=1,len=2)
[1]                  15 : Running(cursor=1,len=2)
[1]                    19 : Running(cursor=0,len=2)
[1]                      22 : Running(cursor=0,len=2)
[1]                        26 : Success(target=charger_station)
[1]                      22 : Success(cursor=0,len=2)
[1]                    19 : Running(cursor=1,len=2)
[1]                      23 : Success()
[1]                    19 : Success(cursor=1,len=2)
[1]                  15 : Success(cursor=1,len=2)
[1]                14 : Success(cursor=0,len=3)
[1]              12 : Success(len=1,cursor=1)
[1]            10 : Success(cursor=0,len=2)
[1]          9 : Success(cursor=0,len=2)
[1]        5 : Success(cursor=1,len=2)
[1]      3 : Success(cursor=1,len=2)
[1]    2 : Success(cursor=0,len=1)
[1]  1 : Success(cursor=0,len=1)
